This is pdfTeX, Version 3.14159265-2.6-1.40.19 (TeX Live 2018) (preloaded format=pdflatex 2018.4.16)  25 FEB 2019 09:36
entering extended mode
 restricted \write18 enabled.
 file:line:error style messages enabled.
 %&-line parsing enabled.
**"Module Library Documentation.tex"
(./Module Library Documentation.tex
LaTeX2e <2018-04-01> patch level 2
Babel <3.18> and hyphenation patterns for 84 language(s) loaded.
(/usr/local/texlive/2018/texmf-dist/tex/latex/base/book.cls
Document Class: book 2014/09/29 v1.4h Standard LaTeX document class
(/usr/local/texlive/2018/texmf-dist/tex/latex/base/bk11.clo
File: bk11.clo 2014/09/29 v1.4h Standard LaTeX file (size option)
)
\c@part=\count80
\c@chapter=\count81
\c@section=\count82
\c@subsection=\count83
\c@subsubsection=\count84
\c@paragraph=\count85
\c@subparagraph=\count86
\c@figure=\count87
\c@table=\count88
\abovecaptionskip=\skip41
\belowcaptionskip=\skip42
\bibindent=\dimen102
) (/usr/local/texlive/2018/texmf-dist/tex/latex/booktabs/booktabs.sty
Package: booktabs 2016/04/27 v1.618033 publication quality tables
\heavyrulewidth=\dimen103
\lightrulewidth=\dimen104
\cmidrulewidth=\dimen105
\belowrulesep=\dimen106
\belowbottomsep=\dimen107
\aboverulesep=\dimen108
\abovetopsep=\dimen109
\cmidrulesep=\dimen110
\cmidrulekern=\dimen111
\defaultaddspace=\dimen112
\@cmidla=\count89
\@cmidlb=\count90
\@aboverulesep=\dimen113
\@belowrulesep=\dimen114
\@thisruleclass=\count91
\@lastruleclass=\count92
\@thisrulewidth=\dimen115
) (/usr/local/texlive/2018/texmf-dist/tex/latex/tools/array.sty
Package: array 2018/04/07 v2.4g Tabular extension package (FMi)
\col@sep=\dimen116
\ar@mcellbox=\box26
\extrarowheight=\dimen117
\NC@list=\toks14
\extratabsurround=\skip43
\backup@length=\skip44
\ar@cellbox=\box27
) (/usr/local/texlive/2018/texmf-dist/tex/latex/graphics/graphicx.sty
Package: graphicx 2017/06/01 v1.1a Enhanced LaTeX Graphics (DPC,SPQR)
 (/usr/local/texlive/2018/texmf-dist/tex/latex/graphics/keyval.sty
Package: keyval 2014/10/28 v1.15 key=value parser (DPC)
\KV@toks@=\toks15
) (/usr/local/texlive/2018/texmf-dist/tex/latex/graphics/graphics.sty
Package: graphics 2017/06/25 v1.2c Standard LaTeX Graphics (DPC,SPQR)
 (/usr/local/texlive/2018/texmf-dist/tex/latex/graphics/trig.sty
Package: trig 2016/01/03 v1.10 sin cos tan (DPC)
) (/usr/local/texlive/2018/texmf-dist/tex/latex/graphics-cfg/graphics.cfg
File: graphics.cfg 2016/06/04 v1.11 sample graphics configuration
)
Package graphics Info: Driver file: pdftex.def on input line 99.
 (/usr/local/texlive/2018/texmf-dist/tex/latex/graphics-def/pdftex.def
File: pdftex.def 2018/01/08 v1.0l Graphics/color driver for pdftex
))
\Gin@req@height=\dimen118
\Gin@req@width=\dimen119
) (/usr/local/texlive/2018/texmf-dist/tex/latex/tools/longtable.sty
Package: longtable 2014/10/28 v4.11 Multi-page Table package (DPC)
\LTleft=\skip45
\LTright=\skip46
\LTpre=\skip47
\LTpost=\skip48
\LTchunksize=\count93
\LTcapwidth=\dimen120
\LT@head=\box28
\LT@firsthead=\box29
\LT@foot=\box30
\LT@lastfoot=\box31
\LT@cols=\count94
\LT@rows=\count95
\c@LT@tables=\count96
\c@LT@chunks=\count97
\LT@p@ftn=\toks16
) (/usr/local/texlive/2018/texmf-dist/tex/latex/float/float.sty
Package: float 2001/11/08 v1.3d Float enhancements (AL)
\c@float@type=\count98
\float@exts=\toks17
\float@box=\box32
\@float@everytoks=\toks18
\@floatcapt=\box33
) (/usr/local/texlive/2018/texmf-dist/tex/latex/hyperref/hyperref.sty
Package: hyperref 2018/02/06 v6.86b Hypertext links for LaTeX
 (/usr/local/texlive/2018/texmf-dist/tex/generic/oberdiek/hobsub-hyperref.sty
Package: hobsub-hyperref 2016/05/16 v1.14 Bundle oberdiek, subset hyperref (HO)
 (/usr/local/texlive/2018/texmf-dist/tex/generic/oberdiek/hobsub-generic.sty
Package: hobsub-generic 2016/05/16 v1.14 Bundle oberdiek, subset generic (HO)
Package: hobsub 2016/05/16 v1.14 Construct package bundles (HO)
Package: infwarerr 2016/05/16 v1.4 Providing info/warning/error messages (HO)
Package: ltxcmds 2016/05/16 v1.23 LaTeX kernel commands for general use (HO)
Package: ifluatex 2016/05/16 v1.4 Provides the ifluatex switch (HO)
Package ifluatex Info: LuaTeX not detected.
Package: ifvtex 2016/05/16 v1.6 Detect VTeX and its facilities (HO)
Package ifvtex Info: VTeX not detected.
Package: intcalc 2016/05/16 v1.2 Expandable calculations with integers (HO)
Package: ifpdf 2017/03/15 v3.2 Provides the ifpdf switch
Package: etexcmds 2016/05/16 v1.6 Avoid name clashes with e-TeX commands (HO)
Package etexcmds Info: Could not find \expanded.
(etexcmds)             That can mean that you are not using pdfTeX 1.50 or
(etexcmds)             that some package has redefined \expanded.
(etexcmds)             In the latter case, load this package earlier.
Package: kvsetkeys 2016/05/16 v1.17 Key value parser (HO)
Package: kvdefinekeys 2016/05/16 v1.4 Define keys (HO)
Package: pdftexcmds 2018/01/30 v0.27 Utility functions of pdfTeX for LuaTeX (HO)
Package pdftexcmds Info: LuaTeX not detected.
Package pdftexcmds Info: \pdf@primitive is available.
Package pdftexcmds Info: \pdf@ifprimitive is available.
Package pdftexcmds Info: \pdfdraftmode found.
Package: pdfescape 2016/05/16 v1.14 Implements pdfTeX's escape features (HO)
Package: bigintcalc 2016/05/16 v1.4 Expandable calculations on big integers (HO)
Package: bitset 2016/05/16 v1.2 Handle bit-vector datatype (HO)
Package: uniquecounter 2016/05/16 v1.3 Provide unlimited unique counter (HO)
)
Package hobsub Info: Skipping package `hobsub' (already loaded).
Package: letltxmacro 2016/05/16 v1.5 Let assignment for LaTeX macros (HO)
Package: hopatch 2016/05/16 v1.3 Wrapper for package hooks (HO)
Package: xcolor-patch 2016/05/16 xcolor patch
Package: atveryend 2016/05/16 v1.9 Hooks at the very end of document (HO)
Package atveryend Info: \enddocument detected (standard20110627).
Package: atbegshi 2016/06/09 v1.18 At begin shipout hook (HO)
Package: refcount 2016/05/16 v3.5 Data extraction from label references (HO)
Package: hycolor 2016/05/16 v1.8 Color options for hyperref/bookmark (HO)
) (/usr/local/texlive/2018/texmf-dist/tex/generic/ifxetex/ifxetex.sty
Package: ifxetex 2010/09/12 v0.6 Provides ifxetex conditional
) (/usr/local/texlive/2018/texmf-dist/tex/latex/oberdiek/auxhook.sty
Package: auxhook 2016/05/16 v1.4 Hooks for auxiliary files (HO)
) (/usr/local/texlive/2018/texmf-dist/tex/latex/oberdiek/kvoptions.sty
Package: kvoptions 2016/05/16 v3.12 Key value format for package options (HO)
)
\@linkdim=\dimen121
\Hy@linkcounter=\count99
\Hy@pagecounter=\count100
 (/usr/local/texlive/2018/texmf-dist/tex/latex/hyperref/pd1enc.def
File: pd1enc.def 2018/02/06 v6.86b Hyperref: PDFDocEncoding definition (HO)
Now handling font encoding PD1 ...
... no UTF-8 mapping file for font encoding PD1
)
\Hy@SavedSpaceFactor=\count101
 (/usr/local/texlive/2018/texmf-dist/tex/latex/latexconfig/hyperref.cfg
File: hyperref.cfg 2002/06/06 v1.2 hyperref configuration of TeXLive
)
Package hyperref Info: Hyper figures OFF on input line 4509.
Package hyperref Info: Link nesting OFF on input line 4514.
Package hyperref Info: Hyper index ON on input line 4517.
Package hyperref Info: Plain pages OFF on input line 4524.
Package hyperref Info: Backreferencing OFF on input line 4529.
Package hyperref Info: Implicit mode ON; LaTeX internals redefined.
Package hyperref Info: Bookmarks ON on input line 4762.
\c@Hy@tempcnt=\count102
 (/usr/local/texlive/2018/texmf-dist/tex/latex/url/url.sty
\Urlmuskip=\muskip10
Package: url 2013/09/16  ver 3.4  Verb mode for urls, etc.
)
LaTeX Info: Redefining \url on input line 5115.
\XeTeXLinkMargin=\dimen122
\Fld@menulength=\count103
\Field@Width=\dimen123
\Fld@charsize=\dimen124
Package hyperref Info: Hyper figures OFF on input line 6369.
Package hyperref Info: Link nesting OFF on input line 6374.
Package hyperref Info: Hyper index ON on input line 6377.
Package hyperref Info: backreferencing OFF on input line 6384.
Package hyperref Info: Link coloring OFF on input line 6389.
Package hyperref Info: Link coloring with OCG OFF on input line 6394.
Package hyperref Info: PDF/A mode OFF on input line 6399.
LaTeX Info: Redefining \ref on input line 6439.
LaTeX Info: Redefining \pageref on input line 6443.
\Hy@abspage=\count104
\c@Item=\count105
\c@Hfootnote=\count106
)
Package hyperref Info: Driver (autodetected): hpdftex.
 (/usr/local/texlive/2018/texmf-dist/tex/latex/hyperref/hpdftex.def
File: hpdftex.def 2018/02/06 v6.86b Hyperref driver for pdfTeX
\Fld@listcount=\count107
\c@bookmark@seq@number=\count108
 (/usr/local/texlive/2018/texmf-dist/tex/latex/oberdiek/rerunfilecheck.sty
Package: rerunfilecheck 2016/05/16 v1.8 Rerun checks for auxiliary files (HO)
Package uniquecounter Info: New unique counter `rerunfilecheck' on input line 282.
)
\Hy@SectionHShift=\skip49
) (/usr/local/texlive/2018/texmf-dist/tex/latex/geometry/geometry.sty
Package: geometry 2018/03/24 v5.7 Page Geometry
\Gm@cnth=\count109
\Gm@cntv=\count110
\c@Gm@tempcnt=\count111
\Gm@bindingoffset=\dimen125
\Gm@wd@mp=\dimen126
\Gm@odd@mp=\dimen127
\Gm@even@mp=\dimen128
\Gm@layoutwidth=\dimen129
\Gm@layoutheight=\dimen130
\Gm@layouthoffset=\dimen131
\Gm@layoutvoffset=\dimen132
\Gm@dimlist=\toks19
) (/usr/local/texlive/2018/texmf-dist/tex/latex/base/makeidx.sty
Package: makeidx 2014/09/29 v1.0m Standard LaTeX package
) (/usr/local/texlive/2018/texmf-dist/tex/latex/glossaries/base/glossaries.sty
Package: glossaries 2018/04/07 v4.37 (NLCT)
 (/usr/local/texlive/2018/texmf-dist/tex/latex/base/ifthen.sty
Package: ifthen 2014/09/29 v1.1c Standard LaTeX ifthen package (DPC)
) (/usr/local/texlive/2018/texmf-dist/tex/latex/xkeyval/xkeyval.sty
Package: xkeyval 2014/12/03 v2.7a package option processing (HA)
 (/usr/local/texlive/2018/texmf-dist/tex/generic/xkeyval/xkeyval.tex (/usr/local/texlive/2018/texmf-dist/tex/generic/xkeyval/xkvutils.tex
\XKV@toks=\toks20
\XKV@tempa@toks=\toks21
)
\XKV@depth=\count112
File: xkeyval.tex 2014/12/03 v2.7a key=value parser (HA)
))
(/usr/local/texlive/2018/texmf-dist/tex/latex/mfirstuc/mfirstuc.sty
Package: mfirstuc 2017/11/14 v2.06 (NLCT)
 (/usr/local/texlive/2018/texmf-dist/tex/latex/etoolbox/etoolbox.sty
Package: etoolbox 2018/02/11 v2.5e e-TeX tools for LaTeX (JAW)
\etb@tempcnta=\count113
)
\@glsmfirst=\toks22
\@glsmrest=\toks23
) (/usr/local/texlive/2018/texmf-dist/tex/latex/textcase/textcase.sty
Package: textcase 2004/10/07 v0.07 Text only upper/lower case changing (DPC)
) (/usr/local/texlive/2018/texmf-dist/tex/latex/xfor/xfor.sty
Package: xfor 2009/02/05 v1.05 (NLCT)
) (/usr/local/texlive/2018/texmf-dist/tex/latex/datatool/datatool-base.sty
Package: datatool-base 2017/11/12 v2.29 (NLCT)
 (/usr/local/texlive/2018/texmf-dist/tex/latex/amsmath/amsmath.sty
Package: amsmath 2017/09/02 v2.17a AMS math features
\@mathmargin=\skip50

For additional information on amsmath, use the `?' option.
(/usr/local/texlive/2018/texmf-dist/tex/latex/amsmath/amstext.sty
Package: amstext 2000/06/29 v2.01 AMS text
 (/usr/local/texlive/2018/texmf-dist/tex/latex/amsmath/amsgen.sty
File: amsgen.sty 1999/11/30 v2.0 generic functions
\@emptytoks=\toks24
\ex@=\dimen133
)) (/usr/local/texlive/2018/texmf-dist/tex/latex/amsmath/amsbsy.sty
Package: amsbsy 1999/11/29 v1.2d Bold Symbols
\pmbraise@=\dimen134
) (/usr/local/texlive/2018/texmf-dist/tex/latex/amsmath/amsopn.sty
Package: amsopn 2016/03/08 v2.02 operator names
)
\inf@bad=\count114
LaTeX Info: Redefining \frac on input line 213.
\uproot@=\count115
\leftroot@=\count116
LaTeX Info: Redefining \overline on input line 375.
\classnum@=\count117
\DOTSCASE@=\count118
LaTeX Info: Redefining \ldots on input line 472.
LaTeX Info: Redefining \dots on input line 475.
LaTeX Info: Redefining \cdots on input line 596.
\Mathstrutbox@=\box34
\strutbox@=\box35
\big@size=\dimen135
LaTeX Font Info:    Redeclaring font encoding OML on input line 712.
LaTeX Font Info:    Redeclaring font encoding OMS on input line 713.
\macc@depth=\count119
\c@MaxMatrixCols=\count120
\dotsspace@=\muskip11
\c@parentequation=\count121
\dspbrk@lvl=\count122
\tag@help=\toks25
\row@=\count123
\column@=\count124
\maxfields@=\count125
\andhelp@=\toks26
\eqnshift@=\dimen136
\alignsep@=\dimen137
\tagshift@=\dimen138
\tagwidth@=\dimen139
\totwidth@=\dimen140
\lineht@=\dimen141
\@envbody=\toks27
\multlinegap=\skip51
\multlinetaggap=\skip52
\mathdisplay@stack=\toks28
LaTeX Info: Redefining \[ on input line 2817.
LaTeX Info: Redefining \] on input line 2818.
) (/usr/local/texlive/2018/texmf-dist/tex/latex/substr/substr.sty
Package: substr 2009/10/20 v1.2 Handle substrings
\c@su@anzahl=\count126
) (/usr/local/texlive/2018/texmf-dist/tex/latex/datatool/datatool-fp.sty
Package: datatool-fp 2017/11/12 v2.29 (NLCT)
 (/usr/local/texlive/2018/texmf-dist/tex/latex/fp/fp.sty
Package: fp 1995/04/02
 `Fixed Point Package', Version 0.8, April 2, 1995 (C) Michael Mehlich (/usr/local/texlive/2018/texmf-dist/tex/latex/fp/defpattern.sty
Package: defpattern 1994/10/12
\actioncount=\count127
) (/usr/local/texlive/2018/texmf-dist/tex/latex/fp/fp-basic.sty
Package: fp-basic 1996/05/13
\FP@xs=\count128
\FP@xia=\count129
\FP@xib=\count130
\FP@xfa=\count131
\FP@xfb=\count132
\FP@rega=\count133
\FP@regb=\count134
\FP@regs=\count135
\FP@times=\count136
) (/usr/local/texlive/2018/texmf-dist/tex/latex/fp/fp-addons.sty
Package: fp-addons 1995/03/15
) (/usr/local/texlive/2018/texmf-dist/tex/latex/fp/fp-snap.sty
Package: fp-snap 1995/04/05
) (/usr/local/texlive/2018/texmf-dist/tex/latex/fp/fp-exp.sty
Package: fp-exp 1995/04/03
) (/usr/local/texlive/2018/texmf-dist/tex/latex/fp/fp-trigo.sty
Package: fp-trigo 1995/04/14
) (/usr/local/texlive/2018/texmf-dist/tex/latex/fp/fp-pas.sty
Package: fp-pas 1994/08/29
) (/usr/local/texlive/2018/texmf-dist/tex/latex/fp/fp-random.sty
Package: fp-random 1995/02/23
\FPseed=\count137
) (/usr/local/texlive/2018/texmf-dist/tex/latex/fp/fp-eqn.sty
Package: fp-eqn 1995/04/03
) (/usr/local/texlive/2018/texmf-dist/tex/latex/fp/fp-upn.sty
Package: fp-upn 1996/10/21
) (/usr/local/texlive/2018/texmf-dist/tex/latex/fp/fp-eval.sty
Package: fp-eval 1995/04/03
)))
\@dtl@toks=\toks29
\@dtl@tmpcount=\count138
\dtl@tmplength=\skip53
\dtl@sortresult=\count139
\@dtl@numgrpsepcount=\count140
\@dtl@datatype=\count141
\dtl@codeA=\count142
\dtl@codeB=\count143
\@dtl@foreach@level=\count144
) (/usr/local/texlive/2018/texmf-dist/tex/latex/glossaries/base/glossaries-compatible-307.sty
Package: glossaries-compatible-307 2018/04/07 v4.37 (NLCT)
)
\gls@level=\count145
\@gls@tmpb=\toks30
\gls@tmplen=\skip54
\glskeylisttok=\toks31
\glslabeltok=\toks32
\glsshorttok=\toks33
\glslongtok=\toks34
 (/usr/local/texlive/2018/texmf-dist/tex/latex/glossaries/styles/glossary-hypernav.sty
Package: glossary-hypernav 2018/04/07 v4.37 (NLCT)
) (/usr/local/texlive/2018/texmf-dist/tex/latex/glossaries/styles/glossary-list.sty
Package: glossary-list 2018/04/07 v4.37 (NLCT)
\glslistdottedwidth=\skip55
) (/usr/local/texlive/2018/texmf-dist/tex/latex/glossaries/styles/glossary-long.sty
Package: glossary-long 2018/04/07 v4.37 (NLCT)
\glsdescwidth=\skip56
\glspagelistwidth=\skip57
) (/usr/local/texlive/2018/texmf-dist/tex/latex/glossaries/styles/glossary-super.sty
Package: glossary-super 2018/04/07 v4.37 (NLCT)
 (/usr/local/texlive/2018/texmf-dist/tex/latex/supertabular/supertabular.sty
Package: supertabular 2004/02/20 v4.1e the supertabular environment
\c@tracingst=\count146
\ST@wd=\dimen142
\ST@rightskip=\skip58
\ST@leftskip=\skip59
\ST@parfillskip=\skip60
\ST@pageleft=\dimen143
\ST@headht=\dimen144
\ST@tailht=\dimen145
\ST@pagesofar=\dimen146
\ST@pboxht=\dimen147
\ST@lineht=\dimen148
\ST@stretchht=\dimen149
\ST@prevht=\dimen150
\ST@toadd=\dimen151
\ST@dimen=\dimen152
\ST@pbox=\box36
)) (/usr/local/texlive/2018/texmf-dist/tex/latex/glossaries/styles/glossary-tree.sty
Package: glossary-tree 2018/04/07 v4.37 (NLCT)
\glstreeindent=\skip61
))
Package hyperref Info: Option `colorlinks' set `true' on input line 19.
\@float@every@table=\toks35
\@indexfile=\write3
\openout3 = `"Module Library Documentation.idx"'.


Writing index file "Module Library Documentation".idx
\glswrite=\write4
\glo@main@file=\write5
\openout5 = `"Module Library Documentation.glo"'.

Package glossaries Info: Writing glossary file "Module Library Documentation".glo on input line 24.
(/Users/markboyd/Documents/GitHub/docs/Module Library Documentation/.texpadtmp/Module Library Documentation.aux)
\openout1 = `"Module Library Documentation.aux"'.

LaTeX Font Info:    Checking defaults for OML/cmm/m/it on input line 33.
LaTeX Font Info:    ... okay on input line 33.
LaTeX Font Info:    Checking defaults for T1/cmr/m/n on input line 33.
LaTeX Font Info:    ... okay on input line 33.
LaTeX Font Info:    Checking defaults for OT1/cmr/m/n on input line 33.
LaTeX Font Info:    ... okay on input line 33.
LaTeX Font Info:    Checking defaults for OMS/cmsy/m/n on input line 33.
LaTeX Font Info:    ... okay on input line 33.
LaTeX Font Info:    Checking defaults for OMX/cmex/m/n on input line 33.
LaTeX Font Info:    ... okay on input line 33.
LaTeX Font Info:    Checking defaults for U/cmr/m/n on input line 33.
LaTeX Font Info:    ... okay on input line 33.
LaTeX Font Info:    Checking defaults for PD1/pdf/m/n on input line 33.
LaTeX Font Info:    ... okay on input line 33.
 (/usr/local/texlive/2018/texmf-dist/tex/context/base/mkii/supp-pdf.mkii
[Loading MPS to PDF converter (version 2006.09.02).]
\scratchcounter=\count147
\scratchdimen=\dimen153
\scratchbox=\box37
\nofMPsegments=\count148
\nofMParguments=\count149
\everyMPshowfont=\toks36
\MPscratchCnt=\count150
\MPscratchDim=\dimen154
\MPnumerator=\count151
\makeMPintoPDFobject=\count152
\everyMPtoPDFconversion=\toks37
) (/usr/local/texlive/2018/texmf-dist/tex/latex/oberdiek/epstopdf-base.sty
Package: epstopdf-base 2016/05/15 v2.6 Base part for package epstopdf
 (/usr/local/texlive/2018/texmf-dist/tex/latex/oberdiek/grfext.sty
Package: grfext 2016/05/16 v1.2 Manage graphics extensions (HO)
)
Package epstopdf-base Info: Redefining graphics rule for `.eps' on input line 438.
Package grfext Info: Graphics extension search list:
(grfext)             [.pdf,.png,.jpg,.mps,.jpeg,.jbig2,.jb2,.PDF,.PNG,.JPG,.JPEG,.JBIG2,.JB2,.eps]
(grfext)             \AppendGraphicsExtensions on input line 456.
 (/usr/local/texlive/2018/texmf-dist/tex/latex/latexconfig/epstopdf-sys.cfg
File: epstopdf-sys.cfg 2010/07/13 v1.3 Configuration of (r)epstopdf for TeX Live
))
\AtBeginShipoutBox=\box38
 (/usr/local/texlive/2018/texmf-dist/tex/latex/graphics/color.sty
Package: color 2016/07/10 v1.1e Standard LaTeX Color (DPC)
 (/usr/local/texlive/2018/texmf-dist/tex/latex/graphics-cfg/color.cfg
File: color.cfg 2016/01/02 v1.6 sample color configuration
)
Package color Info: Driver file: pdftex.def on input line 147.
)
Package hyperref Info: Link coloring ON on input line 33.
 (/usr/local/texlive/2018/texmf-dist/tex/latex/hyperref/nameref.sty
Package: nameref 2016/05/21 v2.44 Cross-referencing by name of section
 (/usr/local/texlive/2018/texmf-dist/tex/generic/oberdiek/gettitlestring.sty
Package: gettitlestring 2016/05/16 v1.5 Cleanup title references (HO)
)
\c@section@level=\count153
)
LaTeX Info: Redefining \ref on input line 33.
LaTeX Info: Redefining \pageref on input line 33.
LaTeX Info: Redefining \nameref on input line 33.
 (/Users/markboyd/Documents/GitHub/docs/Module Library Documentation/.texpadtmp/Module Library Documentation.out) (/Users/markboyd/Documents/GitHub/docs/Module Library Documentation/.texpadtmp/Module Library Documentation.out)
\@outlinefile=\write6
\openout6 = `"Module Library Documentation.out"'.


*geometry* driver: auto-detecting
*geometry* detected driver: pdftex
*geometry* verbose mode - [ preamble ] result:
* driver: pdftex
* paper: <default>
* layout: <same size as paper>
* layoutoffset:(h,v)=(0.0pt,0.0pt)
* modes: twoside 
* h-part:(L,W,R)=(72.26999pt, 469.75502pt, 72.26999pt)
* v-part:(T,H,B)=(72.26999pt, 650.43001pt, 72.26999pt)
* \paperwidth=614.295pt
* \paperheight=794.96999pt
* \textwidth=469.75502pt
* \textheight=650.43001pt
* \oddsidemargin=0.0pt
* \evensidemargin=0.0pt
* \topmargin=-31.8738pt
* \headheight=12.0pt
* \headsep=19.8738pt
* \topskip=11.0pt
* \footskip=27.46295pt
* \marginparwidth=116.0pt
* \marginparsep=7.0pt
* \columnsep=10.0pt
* \skip\footins=10.0pt plus 4.0pt minus 2.0pt
* \hoffset=0.0pt
* \voffset=0.0pt
* \mag=1000
* \@twocolumnfalse
* \@twosidetrue
* \@mparswitchtrue
* \@reversemarginfalse
* (1in=72.27pt=25.4mm, 1cm=28.453pt)

[1

\openout4 = `"Module Library Documentation.ist"'.


{/usr/local/texlive/2018/texmf-var/fonts/map/pdftex/updmap/pdftex.map}] [2

] (/Users/markboyd/Documents/GitHub/docs/Module Library Documentation/.texpadtmp/Module Library Documentation.toc [3] [4])
\tf@toc=\write7
\openout7 = `"Module Library Documentation.toc"'.

 [5] [6]
Chapter 1.
[7

] [8] [9] [10] [11] [12] [13] [14] [15] [16

]
Chapter 2.
[17]
<./images/clock-divider.png, id=705, 578.16pt x 361.35pt>
File: ./images/clock-divider.png Graphic file (type png)
<use ./images/clock-divider.png>
Package pdftex.def Info: ./images/clock-divider.png  used on input line 300.
(pdftex.def)             Requested size: 469.75502pt x 293.59616pt.


LaTeX Font Warning: Font shape `OT1/cmss/m/it' in size <10> not available
(Font)              Font shape `OT1/cmss/m/sl' tried instead on input line 311.

[18 <./images/clock-divider.png>]
<./images/master-clock.png, id=715, 578.16pt x 361.35pt>
File: ./images/master-clock.png Graphic file (type png)
<use ./images/master-clock.png>
Package pdftex.def Info: ./images/master-clock.png  used on input line 333.
(pdftex.def)             Requested size: 469.75502pt x 293.59616pt.
 [19 <./images/master-clock.png>]
<./images/bernoulli-gate.png, id=722, 578.16pt x 361.35pt>
File: ./images/bernoulli-gate.png Graphic file (type png)
<use ./images/bernoulli-gate.png>
Package pdftex.def Info: ./images/bernoulli-gate.png  used on input line 371.
(pdftex.def)             Requested size: 469.75502pt x 293.59616pt.
 [20 <./images/bernoulli-gate.png>]
<./images/chance-select-gate.png, id=728, 578.16pt x 361.35pt>
File: ./images/chance-select-gate.png Graphic file (type png)
<use ./images/chance-select-gate.png>
Package pdftex.def Info: ./images/chance-select-gate.png  used on input line 401.
(pdftex.def)             Requested size: 469.75502pt x 293.59616pt.
 [21 <./images/chance-select-gate.png>]
<./images/pachinko-machine.png, id=734, 578.16pt x 361.35pt>
File: ./images/pachinko-machine.png Graphic file (type png)
<use ./images/pachinko-machine.png>
Package pdftex.def Info: ./images/pachinko-machine.png  used on input line 432.
(pdftex.def)             Requested size: 469.75502pt x 293.59616pt.
 [22 <./images/pachinko-machine.png>]
<./images/random-bursts.png, id=740, 578.16pt x 361.35pt>
File: ./images/random-bursts.png Graphic file (type png)
<use ./images/random-bursts.png>
Package pdftex.def Info: ./images/random-bursts.png  used on input line 463.
(pdftex.def)             Requested size: 469.75502pt x 293.59616pt.
 [23 <./images/random-bursts.png>]
<./images/uclock.png, id=746, 578.16pt x 361.35pt>
File: ./images/uclock.png Graphic file (type png)
<use ./images/uclock.png>
Package pdftex.def Info: ./images/uclock.png  used on input line 496.
(pdftex.def)             Requested size: 469.75502pt x 293.59616pt.
 [24 <./images/uclock.png>]
Chapter 3.
[25

]
<./images/percussion.png, id=757, 578.16pt x 361.35pt>
File: ./images/percussion.png Graphic file (type png)
<use ./images/percussion.png>
Package pdftex.def Info: ./images/percussion.png  used on input line 530.
(pdftex.def)             Requested size: 469.75502pt x 293.59616pt.
 [26 <./images/percussion.png>]

Package hyperref Warning: Token not allowed in a PDF string (PDFDocEncoding):
(hyperref)                removing `math shift' on input line 563.


Package hyperref Warning: Token not allowed in a PDF string (PDFDocEncoding):
(hyperref)                removing `\mu' on input line 563.


Package hyperref Warning: Token not allowed in a PDF string (PDFDocEncoding):
(hyperref)                removing `math shift' on input line 563.

<./images/uhat.png, id=763, 578.16pt x 361.35pt>
File: ./images/uhat.png Graphic file (type png)
<use ./images/uhat.png>
Package pdftex.def Info: ./images/uhat.png  used on input line 565.
(pdftex.def)             Requested size: 469.75502pt x 293.59616pt.
[27 <./images/uhat.png>]

Package hyperref Warning: Token not allowed in a PDF string (PDFDocEncoding):
(hyperref)                removing `math shift' on input line 596.


Package hyperref Warning: Token not allowed in a PDF string (PDFDocEncoding):
(hyperref)                removing `\mu' on input line 596.


Package hyperref Warning: Token not allowed in a PDF string (PDFDocEncoding):
(hyperref)                removing `math shift' on input line 596.

<./images/ukick.png, id=770, 1445.4pt x 903.375pt>
File: ./images/ukick.png Graphic file (type png)
<use ./images/ukick.png>
Package pdftex.def Info: ./images/ukick.png  used on input line 598.
(pdftex.def)             Requested size: 469.75502pt x 293.5934pt.
[28 <./images/ukick.png>]

Package hyperref Warning: Token not allowed in a PDF string (PDFDocEncoding):
(hyperref)                removing `math shift' on input line 629.


Package hyperref Warning: Token not allowed in a PDF string (PDFDocEncoding):
(hyperref)                removing `\mu' on input line 629.


Package hyperref Warning: Token not allowed in a PDF string (PDFDocEncoding):
(hyperref)                removing `math shift' on input line 629.

<./images/usnare.png, id=776, 578.16pt x 361.35pt>
File: ./images/usnare.png Graphic file (type png)
<use ./images/usnare.png>
Package pdftex.def Info: ./images/usnare.png  used on input line 631.
(pdftex.def)             Requested size: 469.75502pt x 293.59616pt.
[29 <./images/usnare.png>] [30

]
Chapter 4.
[31] [32]
<./images/stereo-delay.png, id=796, 578.16pt x 361.35pt>
File: ./images/stereo-delay.png Graphic file (type png)
<use ./images/stereo-delay.png>
Package pdftex.def Info: ./images/stereo-delay.png  used on input line 669.
(pdftex.def)             Requested size: 469.75502pt x 293.59616pt.
 [33 <./images/stereo-delay.png>]
<./images/delay-looper-sync.png, id=802, 578.16pt x 361.35pt>
File: ./images/delay-looper-sync.png Graphic file (type png)
<use ./images/delay-looper-sync.png>
Package pdftex.def Info: ./images/delay-looper-sync.png  used on input line 703.
(pdftex.def)             Requested size: 469.75502pt x 293.59616pt.
 [34 <./images/delay-looper-sync.png>]
<./images/delay-tempo-sync.png, id=808, 578.16pt x 361.35pt>
File: ./images/delay-tempo-sync.png Graphic file (type png)
<use ./images/delay-tempo-sync.png>
Package pdftex.def Info: ./images/delay-tempo-sync.png  used on input line 733.
(pdftex.def)             Requested size: 469.75502pt x 293.59616pt.
 [35 <./images/delay-tempo-sync.png>]
<./images/udelay.png, id=814, 578.16pt x 361.35pt>
File: ./images/udelay.png Graphic file (type png)
<use ./images/udelay.png>
Package pdftex.def Info: ./images/udelay.png  used on input line 763.
(pdftex.def)             Requested size: 469.75502pt x 293.59616pt.
 [36 <./images/udelay.png>] [37]
<./images/asymmetrical-drive.png, id=825, 578.16pt x 361.35pt>
File: ./images/asymmetrical-drive.png Graphic file (type png)
<use ./images/asymmetrical-drive.png>
Package pdftex.def Info: ./images/asymmetrical-drive.png  used on input line 799.
(pdftex.def)             Requested size: 469.75502pt x 293.59616pt.
 [38 <./images/asymmetrical-drive.png>]
<./images/fold-processor.png, id=831, 578.16pt x 361.35pt>
File: ./images/fold-processor.png Graphic file (type png)
<use ./images/fold-processor.png>
Package pdftex.def Info: ./images/fold-processor.png  used on input line 829.
(pdftex.def)             Requested size: 469.75502pt x 293.59616pt.
 [39 <./images/fold-processor.png>] [40]
<./images/really-humongous-reverb.png, id=841, 578.16pt x 361.35pt>
File: ./images/really-humongous-reverb.png Graphic file (type png)
<use ./images/really-humongous-reverb.png>
Package pdftex.def Info: ./images/really-humongous-reverb.png  used on input line 864.
(pdftex.def)             Requested size: 469.75502pt x 293.59616pt.
 [41 <./images/really-humongous-reverb.png>]
<./images/uverb.png, id=847, 578.16pt x 361.35pt>
File: ./images/uverb.png Graphic file (type png)
<use ./images/uverb.png>
Package pdftex.def Info: ./images/uverb.png  used on input line 901.
(pdftex.def)             Requested size: 469.75502pt x 293.59616pt.
 [42 <./images/uverb.png>]
Chapter 5.
[43

]
<./images/analog-envelope.png, id=858, 578.16pt x 361.35pt>
File: ./images/analog-envelope.png Graphic file (type png)
<use ./images/analog-envelope.png>
Package pdftex.def Info: ./images/analog-envelope.png  used on input line 937.
(pdftex.def)             Requested size: 469.75502pt x 293.59616pt.
 [44 <./images/analog-envelope.png>]
<./images/eoc-max-adsr.png, id=864, 578.16pt x 361.35pt>
File: ./images/eoc-max-adsr.png Graphic file (type png)
<use ./images/eoc-max-adsr.png>
Package pdftex.def Info: ./images/eoc-max-adsr.png  used on input line 968.
(pdftex.def)             Requested size: 469.75502pt x 293.59616pt.
 [45 <./images/eoc-max-adsr.png>]

Package hyperref Warning: Token not allowed in a PDF string (PDFDocEncoding):
(hyperref)                removing `math shift' on input line 1002.


Package hyperref Warning: Token not allowed in a PDF string (PDFDocEncoding):
(hyperref)                removing `\mu' on input line 1002.


Package hyperref Warning: Token not allowed in a PDF string (PDFDocEncoding):
(hyperref)                removing `math shift' on input line 1002.

<./images/uadsr.png, id=870, 578.16pt x 361.35pt>
File: ./images/uadsr.png Graphic file (type png)
<use ./images/uadsr.png>
Package pdftex.def Info: ./images/uadsr.png  used on input line 1004.
(pdftex.def)             Requested size: 469.75502pt x 293.59616pt.
[46 <./images/uadsr.png>]
Chapter 6.
[47

]
<./images/audio-input.png, id=880, 578.16pt x 361.35pt>
File: ./images/audio-input.png Graphic file (type png)
<use ./images/audio-input.png>
Package pdftex.def Info: ./images/audio-input.png  used on input line 1040.
(pdftex.def)             Requested size: 469.75502pt x 293.59616pt.
 [48 <./images/audio-input.png>]
<./images/audio-output.png, id=886, 578.16pt x 361.35pt>
File: ./images/audio-output.png Graphic file (type png)
<use ./images/audio-output.png>
Package pdftex.def Info: ./images/audio-output.png  used on input line 1067.
(pdftex.def)             Requested size: 469.75502pt x 293.59616pt.
 [49 <./images/audio-output.png>]
<./images/expert-sleepers-es-3.png, id=893, 578.16pt x 361.35pt>
File: ./images/expert-sleepers-es-3.png Graphic file (type png)
<use ./images/expert-sleepers-es-3.png>
Package pdftex.def Info: ./images/expert-sleepers-es-3.png  used on input line 1099.
(pdftex.def)             Requested size: 469.75502pt x 293.59616pt.
 [50 <./images/expert-sleepers-es-3.png>]
<./images/expert-sleepers-es-6.png, id=899, 578.16pt x 361.35pt>
File: ./images/expert-sleepers-es-6.png Graphic file (type png)
<use ./images/expert-sleepers-es-6.png>
Package pdftex.def Info: ./images/expert-sleepers-es-6.png  used on input line 1121.
(pdftex.def)             Requested size: 469.75502pt x 293.59616pt.
 [51 <./images/expert-sleepers-es-6.png>]
<./images/expert-sleepers-es-8.png, id=905, 578.16pt x 361.35pt>
File: ./images/expert-sleepers-es-8.png Graphic file (type png)
<use ./images/expert-sleepers-es-8.png>
Package pdftex.def Info: ./images/expert-sleepers-es-8.png  used on input line 1143.
(pdftex.def)             Requested size: 469.75502pt x 293.59616pt.
 [52 <./images/expert-sleepers-es-8.png>]
<./images/midi-input.png, id=911, 578.16pt x 361.35pt>
File: ./images/midi-input.png Graphic file (type png)
<use ./images/midi-input.png>
Package pdftex.def Info: ./images/midi-input.png  used on input line 1169.
(pdftex.def)             Requested size: 469.75502pt x 293.59616pt.
 [53 <./images/midi-input.png>]
<./images/vpo-converter.png, id=917, 578.16pt x 361.35pt>
File: ./images/vpo-converter.png Graphic file (type png)
<use ./images/vpo-converter.png>
Package pdftex.def Info: ./images/vpo-converter.png  used on input line 1203.
(pdftex.def)             Requested size: 469.75502pt x 293.59616pt.
 [54 <./images/vpo-converter.png>]
Chapter 7.
[55

]
<./images/basic-lfo.png, id=929, 578.16pt x 361.35pt>
File: ./images/basic-lfo.png Graphic file (type png)
<use ./images/basic-lfo.png>
Package pdftex.def Info: ./images/basic-lfo.png  used on input line 1240.
(pdftex.def)             Requested size: 469.75502pt x 293.59616pt.
 [56 <./images/basic-lfo.png>]
<./images/octature-sine-lfo.png, id=935, 578.16pt x 361.35pt>
File: ./images/octature-sine-lfo.png Graphic file (type png)
<use ./images/octature-sine-lfo.png>
Package pdftex.def Info: ./images/octature-sine-lfo.png  used on input line 1276.
(pdftex.def)             Requested size: 469.75502pt x 293.59616pt.
 [57 <./images/octature-sine-lfo.png>]
<./images/tzfm-lfo.png, id=942, 578.16pt x 361.35pt>
File: ./images/tzfm-lfo.png Graphic file (type png)
<use ./images/tzfm-lfo.png>
Package pdftex.def Info: ./images/tzfm-lfo.png  used on input line 1310.
(pdftex.def)             Requested size: 469.75502pt x 293.59616pt.
 [58 <./images/tzfm-lfo.png>]

Package hyperref Warning: Token not allowed in a PDF string (PDFDocEncoding):
(hyperref)                removing `math shift' on input line 1346.


Package hyperref Warning: Token not allowed in a PDF string (PDFDocEncoding):
(hyperref)                removing `\mu' on input line 1346.


Package hyperref Warning: Token not allowed in a PDF string (PDFDocEncoding):
(hyperref)                removing `math shift' on input line 1346.

<./images/ulfo.png, id=948, 1445.4pt x 903.375pt>
File: ./images/ulfo.png Graphic file (type png)
<use ./images/ulfo.png>
Package pdftex.def Info: ./images/ulfo.png  used on input line 1348.
(pdftex.def)             Requested size: 469.75502pt x 293.5934pt.
[59 <./images/ulfo.png>] [60

]
Chapter 8.
[61]
<./images/8-channel-mixer.png, id=963, 578.16pt x 361.35pt>
File: ./images/8-channel-mixer.png Graphic file (type png)
<use ./images/8-channel-mixer.png>
Package pdftex.def Info: ./images/8-channel-mixer.png  used on input line 1383.
(pdftex.def)             Requested size: 469.75502pt x 293.59616pt.
 [62 <./images/8-channel-mixer.png>]
<./images/cv-mixer.png, id=969, 1445.4pt x 903.375pt>
File: ./images/cv-mixer.png Graphic file (type png)
<use ./images/cv-mixer.png>
Package pdftex.def Info: ./images/cv-mixer.png  used on input line 1419.
(pdftex.def)             Requested size: 469.75502pt x 293.5934pt.
 [63 <./images/cv-mixer.png>]

Package hyperref Warning: Token not allowed in a PDF string (PDFDocEncoding):
(hyperref)                removing `math shift' on input line 1449.


Package hyperref Warning: Token not allowed in a PDF string (PDFDocEncoding):
(hyperref)                removing `\mu' on input line 1449.


Package hyperref Warning: Token not allowed in a PDF string (PDFDocEncoding):
(hyperref)                removing `math shift' on input line 1449.

<./images/umix-audio.png, id=975, 578.16pt x 361.35pt>
File: ./images/umix-audio.png Graphic file (type png)
<use ./images/umix-audio.png>
Package pdftex.def Info: ./images/umix-audio.png  used on input line 1451.
(pdftex.def)             Requested size: 469.75502pt x 293.59616pt.
[64 <./images/umix-audio.png>]

Package hyperref Warning: Token not allowed in a PDF string (PDFDocEncoding):
(hyperref)                removing `math shift' on input line 1479.


Package hyperref Warning: Token not allowed in a PDF string (PDFDocEncoding):
(hyperref)                removing `\mu' on input line 1479.


Package hyperref Warning: Token not allowed in a PDF string (PDFDocEncoding):
(hyperref)                removing `math shift' on input line 1479.

<./images/umix-cv.png, id=981, 1445.4pt x 903.375pt>
File: ./images/umix-cv.png Graphic file (type png)
<use ./images/umix-cv.png>
Package pdftex.def Info: ./images/umix-cv.png  used on input line 1481.
(pdftex.def)             Requested size: 469.75502pt x 293.5934pt.
[65 <./images/umix-cv.png>] [66

]
Chapter 9.
[67]
<./images/chromatic-quantizer.png, id=996, 1445.4pt x 903.375pt>
File: ./images/chromatic-quantizer.png Graphic file (type png)
<use ./images/chromatic-quantizer.png>
Package pdftex.def Info: ./images/chromatic-quantizer.png  used on input line 1514.
(pdftex.def)             Requested size: 469.75502pt x 293.5934pt.
 [68 <./images/chromatic-quantizer.png>]
<./images/church-modes-quantizer.png, id=1002, 1445.4pt x 903.375pt>
File: ./images/church-modes-quantizer.png Graphic file (type png)
<use ./images/church-modes-quantizer.png>
Package pdftex.def Info: ./images/church-modes-quantizer.png  used on input line 1545.
(pdftex.def)             Requested size: 469.75502pt x 293.5934pt.
 [69 <./images/church-modes-quantizer.png>]
<./images/gateable-quantizer.png, id=1008, 578.16pt x 361.35pt>
File: ./images/gateable-quantizer.png Graphic file (type png)
<use ./images/gateable-quantizer.png>
Package pdftex.def Info: ./images/gateable-quantizer.png  used on input line 1578.
(pdftex.def)             Requested size: 469.75502pt x 293.59616pt.
 [70 <./images/gateable-quantizer.png>]
<./images/modulation-quantizer.png, id=1014, 578.16pt x 361.35pt>
File: ./images/modulation-quantizer.png Graphic file (type png)
<use ./images/modulation-quantizer.png>
Package pdftex.def Info: ./images/modulation-quantizer.png  used on input line 1613.
(pdftex.def)             Requested size: 469.75502pt x 293.59616pt.
 [71 <./images/modulation-quantizer.png>]
<./images/neo-reimannian-triad-transformer.png, id=1020, 578.16pt x 361.35pt>
File: ./images/neo-reimannian-triad-transformer.png Graphic file (type png)
<use ./images/neo-reimannian-triad-transformer.png>
Package pdftex.def Info: ./images/neo-reimannian-triad-transformer.png  used on input line 1643.
(pdftex.def)             Requested size: 469.75502pt x 293.59616pt.
 [72 <./images/neo-reimannian-triad-transformer.png>]
<./images/quick-quantizer.png, id=1026, 578.16pt x 361.35pt>
File: ./images/quick-quantizer.png Graphic file (type png)
<use ./images/quick-quantizer.png>
Package pdftex.def Info: ./images/quick-quantizer.png  used on input line 1676.
(pdftex.def)             Requested size: 469.75502pt x 293.59616pt.
 [73 <./images/quick-quantizer.png>] [74

]
Chapter 10.
[75]
<./images/16-step-gate-sequencer.png, id=1041, 578.16pt x 361.35pt>
File: ./images/16-step-gate-sequencer.png Graphic file (type png)
<use ./images/16-step-gate-sequencer.png>
Package pdftex.def Info: ./images/16-step-gate-sequencer.png  used on input line 1713.
(pdftex.def)             Requested size: 469.75502pt x 293.59616pt.
 [76 <./images/16-step-gate-sequencer.png>]
<./images/8-step-sequencer.png, id=1047, 578.16pt x 361.35pt>
File: ./images/8-step-sequencer.png Graphic file (type png)
<use ./images/8-step-sequencer.png>
Package pdftex.def Info: ./images/8-step-sequencer.png  used on input line 1750.
(pdftex.def)             Requested size: 469.75502pt x 293.59616pt.
 [77 <./images/8-step-sequencer.png>]
<./images/binary-gate-sequencer.png, id=1053, 578.16pt x 361.35pt>
File: ./images/binary-gate-sequencer.png Graphic file (type png)
<use ./images/binary-gate-sequencer.png>
Package pdftex.def Info: ./images/binary-gate-sequencer.png  used on input line 1788.
(pdftex.def)             Requested size: 469.75502pt x 293.59616pt.
 [78] [79 <./images/binary-gate-sequencer.png>]
<./images/euclidean-gate-sequencer.png, id=1064, 578.16pt x 361.35pt>
File: ./images/euclidean-gate-sequencer.png Graphic file (type png)
<use ./images/euclidean-gate-sequencer.png>
Package pdftex.def Info: ./images/euclidean-gate-sequencer.png  used on input line 1820.
(pdftex.def)             Requested size: 469.75502pt x 293.59616pt.
 [80 <./images/euclidean-gate-sequencer.png>]
<./images/matrix-gate-sequencer.png, id=1070, 578.16pt x 361.35pt>
File: ./images/matrix-gate-sequencer.png Graphic file (type png)
<use ./images/matrix-gate-sequencer.png>
Package pdftex.def Info: ./images/matrix-gate-sequencer.png  used on input line 1853.
(pdftex.def)             Requested size: 469.75502pt x 293.59616pt.
 [81 <./images/matrix-gate-sequencer.png>]
<./images/shape-gate-sequencer.png, id=1077, 578.16pt x 361.35pt>
File: ./images/shape-gate-sequencer.png Graphic file (type png)
<use ./images/shape-gate-sequencer.png>
Package pdftex.def Info: ./images/shape-gate-sequencer.png  used on input line 1887.
(pdftex.def)             Requested size: 469.75502pt x 293.59616pt.
 [82 <./images/shape-gate-sequencer.png>]
Chapter 11.
[83

]
<./images/attenuate-offset.png, id=1087, 578.16pt x 361.35pt>
File: ./images/attenuate-offset.png Graphic file (type png)
<use ./images/attenuate-offset.png>
Package pdftex.def Info: ./images/attenuate-offset.png  used on input line 1926.
(pdftex.def)             Requested size: 469.75502pt x 293.59616pt.
 [84 <./images/attenuate-offset.png>]
<./images/audio-attenuverter-offset.png, id=1093, 578.16pt x 361.35pt>
File: ./images/audio-attenuverter-offset.png Graphic file (type png)
<use ./images/audio-attenuverter-offset.png>
Package pdftex.def Info: ./images/audio-attenuverter-offset.png  used on input line 1956.
(pdftex.def)             Requested size: 469.75502pt x 293.59616pt.
 [85 <./images/audio-attenuverter-offset.png>]
<./images/attenuverter.png, id=1100, 578.16pt x 361.35pt>
File: ./images/attenuverter.png Graphic file (type png)
<use ./images/attenuverter.png>
Package pdftex.def Info: ./images/attenuverter.png  used on input line 1987.
(pdftex.def)             Requested size: 469.75502pt x 293.59616pt.
 [86 <./images/attenuverter.png>]
<./images/automation-lane.png, id=1106, 578.16pt x 361.35pt>
File: ./images/automation-lane.png Graphic file (type png)
<use ./images/automation-lane.png>
Package pdftex.def Info: ./images/automation-lane.png  used on input line 2017.
(pdftex.def)             Requested size: 469.75502pt x 293.59616pt.
 [87 <./images/automation-lane.png>]
<./images/chaos-generator.png, id=1112, 578.16pt x 361.35pt>
File: ./images/chaos-generator.png Graphic file (type png)
<use ./images/chaos-generator.png>
Package pdftex.def Info: ./images/chaos-generator.png  used on input line 2054.
(pdftex.def)             Requested size: 469.75502pt x 293.59616pt.
 [88 <./images/chaos-generator.png>]
<./images/modulation-to-1oct.png, id=1118, 578.16pt x 361.35pt>
File: ./images/modulation-to-1oct.png Graphic file (type png)
<use ./images/modulation-to-1oct.png>
Package pdftex.def Info: ./images/modulation-to-1oct.png  used on input line 2086.
(pdftex.def)             Requested size: 469.75502pt x 293.59616pt.
 [89 <./images/modulation-to-1oct.png>]
<./images/poly-to-mono.png, id=1124, 578.16pt x 361.35pt>
File: ./images/poly-to-mono.png Graphic file (type png)
<use ./images/poly-to-mono.png>
Package pdftex.def Info: ./images/poly-to-mono.png  used on input line 2117.
(pdftex.def)             Requested size: 469.75502pt x 293.59616pt.
 [90 <./images/poly-to-mono.png>]
<./images/sample-and-hold.png, id=1130, 578.16pt x 361.35pt>
File: ./images/sample-and-hold.png Graphic file (type png)
<use ./images/sample-and-hold.png>
Package pdftex.def Info: ./images/sample-and-hold.png  used on input line 2147.
(pdftex.def)             Requested size: 469.75502pt x 293.59616pt.
 [91 <./images/sample-and-hold.png>]
<./images/slew.png, id=1137, 578.16pt x 361.35pt>
File: ./images/slew.png Graphic file (type png)
<use ./images/slew.png>
Package pdftex.def Info: ./images/slew.png  used on input line 2182.
(pdftex.def)             Requested size: 469.75502pt x 293.59616pt.
 [92 <./images/slew.png>]
<./images/8-step-sequential-switch.png, id=1143, 578.16pt x 361.35pt>
File: ./images/8-step-sequential-switch.png Graphic file (type png)
<use ./images/8-step-sequential-switch.png>
Package pdftex.def Info: ./images/8-step-sequential-switch.png  used on input line 2216.
(pdftex.def)             Requested size: 469.75502pt x 293.59616pt.
 [93 <./images/8-step-sequential-switch.png>]
File: ./images/8-step-sequential-switch.png Graphic file (type png)
<use ./images/8-step-sequential-switch.png>
Package pdftex.def Info: ./images/8-step-sequential-switch.png  used on input line 2254.
(pdftex.def)             Requested size: 469.75502pt x 293.59616pt.
 [94]

Package hyperref Warning: Token not allowed in a PDF string (PDFDocEncoding):
(hyperref)                removing `math shift' on input line 2290.


Package hyperref Warning: Token not allowed in a PDF string (PDFDocEncoding):
(hyperref)                removing `\mu' on input line 2290.


Package hyperref Warning: Token not allowed in a PDF string (PDFDocEncoding):
(hyperref)                removing `math shift' on input line 2290.

<./images/ulogic.png, id=1153, 578.16pt x 361.35pt>
File: ./images/ulogic.png Graphic file (type png)
<use ./images/ulogic.png>
Package pdftex.def Info: ./images/ulogic.png  used on input line 2292.
(pdftex.def)             Requested size: 469.75502pt x 293.59616pt.
[95 <./images/ulogic.png>]
<./images/unison.png, id=1159, 578.16pt x 361.35pt>
File: ./images/unison.png Graphic file (type png)
<use ./images/unison.png>
Package pdftex.def Info: ./images/unison.png  used on input line 2323.
(pdftex.def)             Requested size: 469.75502pt x 293.59616pt.
 [96 <./images/unison.png>]

Package hyperref Warning: Token not allowed in a PDF string (PDFDocEncoding):
(hyperref)                removing `math shift' on input line 2351.


Package hyperref Warning: Token not allowed in a PDF string (PDFDocEncoding):
(hyperref)                removing `\mu' on input line 2351.


Package hyperref Warning: Token not allowed in a PDF string (PDFDocEncoding):
(hyperref)                removing `math shift' on input line 2351.

<./images/usample-and-hold.png, id=1165, 578.16pt x 361.35pt>
File: ./images/usample-and-hold.png Graphic file (type png)
<use ./images/usample-and-hold.png>
Package pdftex.def Info: ./images/usample-and-hold.png  used on input line 2353.
(pdftex.def)             Requested size: 469.75502pt x 293.59616pt.
[97 <./images/usample-and-hold.png>]
<./images/uwindow-comparator.png, id=1172, 578.16pt x 361.35pt>
File: ./images/uwindow-comparator.png Graphic file (type png)
<use ./images/uwindow-comparator.png>
Package pdftex.def Info: ./images/uwindow-comparator.png  used on input line 2385.
(pdftex.def)             Requested size: 469.75502pt x 293.59616pt.
 [98 <./images/uwindow-comparator.png>]
Chapter 12.
[99

]
<./images/digital-vca.png, id=1182, 578.16pt x 361.35pt>
File: ./images/digital-vca.png Graphic file (type png)
<use ./images/digital-vca.png>
Package pdftex.def Info: ./images/digital-vca.png  used on input line 2419.
(pdftex.def)             Requested size: 469.75502pt x 293.59616pt.
LaTeX Font Info:    Try loading font information for OMS+cmss on input line 2432.
LaTeX Font Info:    No file OMScmss.fd. on input line 2432.


LaTeX Font Warning: Font shape `OMS/cmss/m/n' undefined
(Font)              using `OMS/cmsy/m/n' instead
(Font)              for symbol `textbar' on input line 2432.

[100 <./images/digital-vca.png>]
<./images/diode-vca.png, id=1188, 578.16pt x 361.35pt>
File: ./images/diode-vca.png Graphic file (type png)
<use ./images/diode-vca.png>
Package pdftex.def Info: ./images/diode-vca.png  used on input line 2452.
(pdftex.def)             Requested size: 469.75502pt x 293.59616pt.
 [101 <./images/diode-vca.png>]

Package hyperref Warning: Token not allowed in a PDF string (PDFDocEncoding):
(hyperref)                removing `math shift' on input line 2483.


Package hyperref Warning: Token not allowed in a PDF string (PDFDocEncoding):
(hyperref)                removing `\mu' on input line 2483.


Package hyperref Warning: Token not allowed in a PDF string (PDFDocEncoding):
(hyperref)                removing `math shift' on input line 2483.

<./images/uvca.png, id=1194, 578.16pt x 361.35pt>
File: ./images/uvca.png Graphic file (type png)
<use ./images/uvca.png>
Package pdftex.def Info: ./images/uvca.png  used on input line 2485.
(pdftex.def)             Requested size: 469.75502pt x 293.59616pt.
[102 <./images/uvca.png>]
Chapter 13.
[103

]
<./images/303-vcf.png, id=1205, 578.16pt x 361.35pt>
File: ./images/303-vcf.png Graphic file (type png)
<use ./images/303-vcf.png>
Package pdftex.def Info: ./images/303-vcf.png  used on input line 2523.
(pdftex.def)             Requested size: 469.75502pt x 293.59616pt.
 [104 <./images/303-vcf.png>] [105]
<./images/k35-vcf.png, id=1215, 578.16pt x 361.35pt>
File: ./images/k35-vcf.png Graphic file (type png)
<use ./images/k35-vcf.png>
Package pdftex.def Info: ./images/k35-vcf.png  used on input line 2562.
(pdftex.def)             Requested size: 469.75502pt x 293.59616pt.
 [106 <./images/k35-vcf.png>]
<./images/ladder-vcf.png, id=1222, 578.16pt x 361.35pt>
File: ./images/ladder-vcf.png Graphic file (type png)
<use ./images/ladder-vcf.png>
Package pdftex.def Info: ./images/ladder-vcf.png  used on input line 2598.
(pdftex.def)             Requested size: 469.75502pt x 293.59616pt.
 [107 <./images/ladder-vcf.png>]
<./images/lpg.png, id=1228, 578.16pt x 361.35pt>
File: ./images/lpg.png Graphic file (type png)
<use ./images/lpg.png>
Package pdftex.def Info: ./images/lpg.png  used on input line 2638.
(pdftex.def)             Requested size: 469.75502pt x 293.59616pt.
 [108 <./images/lpg.png>]
<./images/sem-vcf.png, id=1234, 578.16pt x 361.35pt>
File: ./images/sem-vcf.png Graphic file (type png)
<use ./images/sem-vcf.png>
Package pdftex.def Info: ./images/sem-vcf.png  used on input line 2671.
(pdftex.def)             Requested size: 469.75502pt x 293.59616pt.
 [109 <./images/sem-vcf.png>]

Package hyperref Warning: Token not allowed in a PDF string (PDFDocEncoding):
(hyperref)                removing `math shift' on input line 2707.


Package hyperref Warning: Token not allowed in a PDF string (PDFDocEncoding):
(hyperref)                removing `\mu' on input line 2707.


Package hyperref Warning: Token not allowed in a PDF string (PDFDocEncoding):
(hyperref)                removing `math shift' on input line 2707.

<./images/uvcf.png, id=1241, 578.16pt x 361.35pt>
File: ./images/uvcf.png Graphic file (type png)
<use ./images/uvcf.png>
Package pdftex.def Info: ./images/uvcf.png  used on input line 2709.
(pdftex.def)             Requested size: 469.75502pt x 293.59616pt.
[110 <./images/uvcf.png>]
Chapter 14.
[111

]
<./images/basic-vco.png, id=1251, 578.16pt x 361.35pt>
File: ./images/basic-vco.png Graphic file (type png)
<use ./images/basic-vco.png>
Package pdftex.def Info: ./images/basic-vco.png  used on input line 2745.
(pdftex.def)             Requested size: 469.75502pt x 293.59616pt.
 [112 <./images/basic-vco.png>]
<./images/chebyshev-additive-vco.png, id=1257, 578.16pt x 361.35pt>
File: ./images/chebyshev-additive-vco.png Graphic file (type png)
<use ./images/chebyshev-additive-vco.png>
Package pdftex.def Info: ./images/chebyshev-additive-vco.png  used on input line 2781.
(pdftex.def)             Requested size: 469.75502pt x 293.59616pt.
 [113 <./images/chebyshev-additive-vco.png>]
<./images/karplus-strong-vco.png, id=1263, 578.16pt x 361.35pt>
File: ./images/karplus-strong-vco.png Graphic file (type png)
<use ./images/karplus-strong-vco.png>
Package pdftex.def Info: ./images/karplus-strong-vco.png  used on input line 2819.
(pdftex.def)             Requested size: 469.75502pt x 293.59616pt.
 [114 <./images/karplus-strong-vco.png>]
<./images/morphing-vco.png, id=1269, 578.16pt x 361.35pt>
File: ./images/morphing-vco.png Graphic file (type png)
<use ./images/morphing-vco.png>
Package pdftex.def Info: ./images/morphing-vco.png  used on input line 2857.
(pdftex.def)             Requested size: 469.75502pt x 293.59616pt.
 [115 <./images/morphing-vco.png>]
<./images/noise.png, id=1276, 1445.4pt x 903.375pt>
File: ./images/noise.png Graphic file (type png)
<use ./images/noise.png>
Package pdftex.def Info: ./images/noise.png  used on input line 2893.
(pdftex.def)             Requested size: 469.75502pt x 293.5934pt.
 [116 <./images/noise.png>]
<./images/supersaw-vco.png, id=1282, 578.16pt x 361.35pt>
File: ./images/supersaw-vco.png Graphic file (type png)
<use ./images/supersaw-vco.png>
Package pdftex.def Info: ./images/supersaw-vco.png  used on input line 2926.
(pdftex.def)             Requested size: 469.75502pt x 293.59616pt.
 [117 <./images/supersaw-vco.png>]
<./images/tzfm-vco.png, id=1288, 578.16pt x 361.35pt>
File: ./images/tzfm-vco.png Graphic file (type png)
<use ./images/tzfm-vco.png>
Package pdftex.def Info: ./images/tzfm-vco.png  used on input line 2959.
(pdftex.def)             Requested size: 469.75502pt x 293.59616pt.
 [118 <./images/tzfm-vco.png>]

Package hyperref Warning: Token not allowed in a PDF string (PDFDocEncoding):
(hyperref)                removing `math shift' on input line 2993.


Package hyperref Warning: Token not allowed in a PDF string (PDFDocEncoding):
(hyperref)                removing `\mu' on input line 2993.


Package hyperref Warning: Token not allowed in a PDF string (PDFDocEncoding):
(hyperref)                removing `math shift' on input line 2993.

<./images/unoise.png, id=1294, 578.16pt x 361.35pt>
File: ./images/unoise.png Graphic file (type png)
<use ./images/unoise.png>
Package pdftex.def Info: ./images/unoise.png  used on input line 2995.
(pdftex.def)             Requested size: 469.75502pt x 293.59616pt.
[119 <./images/unoise.png>]

Package hyperref Warning: Token not allowed in a PDF string (PDFDocEncoding):
(hyperref)                removing `math shift' on input line 3025.


Package hyperref Warning: Token not allowed in a PDF string (PDFDocEncoding):
(hyperref)                removing `\mu' on input line 3025.


Package hyperref Warning: Token not allowed in a PDF string (PDFDocEncoding):
(hyperref)                removing `math shift' on input line 3025.

<./images/uvco.png, id=1300, 578.16pt x 361.35pt>
File: ./images/uvco.png Graphic file (type png)
<use ./images/uvco.png>
Package pdftex.def Info: ./images/uvco.png  used on input line 3027.
(pdftex.def)             Requested size: 469.75502pt x 293.59616pt.
[120 <./images/uvco.png>] (/Users/markboyd/Documents/GitHub/docs/Module Library Documentation/.texpadtmp/Module Library Documentation.gls) (/Users/markboyd/Documents/GitHub/docs/Module Library Documentation/.texpadtmp/Module Library Documentation.ind)
Package atveryend Info: Empty hook `BeforeClearDocument' on input line 3063.
Package atveryend Info: Empty hook `AfterLastShipout' on input line 3063.
 (/Users/markboyd/Documents/GitHub/docs/Module Library Documentation/.texpadtmp/Module Library Documentation.aux)
Package atveryend Info: Executing hook `AtVeryEndDocument' on input line 3063.
Package atveryend Info: Executing hook `AtEndAfterFileList' on input line 3063.
Package rerunfilecheck Info: File `"Module Library Documentation".out' has not changed.
(rerunfilecheck)             Checksum: <no file>.


LaTeX Font Warning: Some font shapes were not available, defaults substituted.

Package atveryend Info: Empty hook `AtVeryVeryEnd' on input line 3063.
 ) 
Here is how much of TeX's memory you used:
 10917 strings out of 492649
 167601 string characters out of 6129622
 312918 words of memory out of 5000000
 14296 multiletter control sequences out of 15000+600000
 13522 words of font info for 48 fonts, out of 8000000 for 9000
 1141 hyphenation exceptions out of 8191
 45i,12n,39p,1995b,364s stack positions out of 5000i,500n,10000p,200000b,80000s
</usr/local/texlive/2018/texmf-dist/fonts/type1/public/amsfonts/cm/cmbx10.pfb></usr/local/texlive/2018/texmf-dist/fonts/type1/public/amsfonts/cm/cmbx12.pfb></usr/local/texlive/2018/texmf-dist/fonts/type1/public/amsfonts/cm/cmmi10.pfb></usr/local/texlive/2018/texmf-dist/fonts/type1/public/amsfonts/cm/cmmi12.pfb></usr/local/texlive/2018/texmf-dist/fonts/type1/public/amsfonts/cm/cmr10.pfb></usr/local/texlive/2018/texmf-dist/fonts/type1/public/amsfonts/cm/cmr12.pfb></usr/local/texlive/2018/texmf-dist/fonts/type1/public/amsfonts/cm/cmr17.pfb></usr/local/texlive/2018/texmf-dist/fonts/type1/public/amsfonts/cm/cmsl10.pfb></usr/local/texlive/2018/texmf-dist/fonts/type1/public/amsfonts/cm/cmss10.pfb></usr/local/texlive/2018/texmf-dist/fonts/type1/public/amsfonts/cm/cmssbx10.pfb></usr/local/texlive/2018/texmf-dist/fonts/type1/public/amsfonts/cm/cmssi10.pfb></usr/local/texlive/2018/texmf-dist/fonts/type1/public/amsfonts/cm/cmsy10.pfb></usr/local/texlive/2018/texmf-dist/fonts/type1/public/amsfonts/cm/cmsy7.pfb>
Output written on "/Users/markboyd/Documents/GitHub/docs/Module Library Documentation/.texpadtmp/Module Library Documentation.pdf" (120 pages, 7426998 bytes).
PDF statistics:
 1408 PDF objects out of 1440 (max. 8388607)
 1100 compressed objects within 11 object streams
 247 named destinations out of 1000 (max. 500000)
 1390 words of extra memory for PDF output out of 10000 (max. 10000000)

