\BOOKMARK [0][-]{chapter.1}{Modules and How They Work}{}% 1
\BOOKMARK [1][-]{section.1.1}{Signal Standards}{chapter.1}% 2
\BOOKMARK [2][-]{subsection.1.1.1}{Gate}{section.1.1}% 3
\BOOKMARK [2][-]{subsection.1.1.2}{Modulation}{section.1.1}% 4
\BOOKMARK [2][-]{subsection.1.1.3}{1/Octave}{section.1.1}% 5
\BOOKMARK [2][-]{subsection.1.1.4}{Audio}{section.1.1}% 6
\BOOKMARK [1][-]{section.1.2}{Categories of Modules}{chapter.1}% 7
\BOOKMARK [2][-]{subsection.1.2.1}{Tempo Modules}{section.1.2}% 8
\BOOKMARK [2][-]{subsection.1.2.2}{Rhythm Modules}{section.1.2}% 9
\BOOKMARK [2][-]{subsection.1.2.3}{Modulation Modules}{section.1.2}% 10
\BOOKMARK [2][-]{subsection.1.2.4}{Pitch Modules}{section.1.2}% 11
\BOOKMARK [2][-]{subsection.1.2.5}{Audio-Generating Modules}{section.1.2}% 12
\BOOKMARK [2][-]{subsection.1.2.6}{Effect Modules}{section.1.2}% 13
\BOOKMARK [2][-]{subsection.1.2.7}{Audio Mixing and Output Modules}{section.1.2}% 14
\BOOKMARK [1][-]{section.1.3}{Wiring Modules Together}{chapter.1}% 15
\BOOKMARK [2][-]{subsection.1.3.1}{Sequencer-Driven Subtractive Synthesizer}{section.1.3}% 16
\BOOKMARK [2][-]{subsection.1.3.2}{Keyboard-Controlled FM Synthesizer}{section.1.3}% 17
\BOOKMARK [2][-]{subsection.1.3.3}{Drum Patterns and Mixing}{section.1.3}% 18
\BOOKMARK [2][-]{subsection.1.3.4}{Stereo Effects}{section.1.3}% 19
\BOOKMARK [2][-]{subsection.1.3.5}{Generative Sequencing}{section.1.3}% 20
\BOOKMARK [2][-]{subsection.1.3.6}{Automation}{section.1.3}% 21
\BOOKMARK [2][-]{subsection.1.3.7}{DAW Integration}{section.1.3}% 22
\BOOKMARK [2][-]{subsection.1.3.8}{Eurorack Integration}{section.1.3}% 23
\BOOKMARK [1][-]{section.1.4}{Audulus Module Library Manual Organization}{chapter.1}% 24
\BOOKMARK [0][-]{chapter.2}{Clock Modules}{}% 25
\BOOKMARK [1][-]{section.2.1}{Clock Divider}{chapter.2}% 26
\BOOKMARK [1][-]{section.2.2}{Master Clock}{chapter.2}% 27
\BOOKMARK [1][-]{section.2.3}{Bernoulli Gate}{chapter.2}% 28
\BOOKMARK [1][-]{section.2.4}{Chance Select Gate}{chapter.2}% 29
\BOOKMARK [1][-]{section.2.5}{Pachinko Machine}{chapter.2}% 30
\BOOKMARK [1][-]{section.2.6}{Random Bursts}{chapter.2}% 31
\BOOKMARK [1][-]{section.2.7}{uClock}{chapter.2}% 32
\BOOKMARK [0][-]{chapter.3}{Drum Modules}{}% 33
\BOOKMARK [1][-]{section.3.1}{Percussion}{chapter.3}% 34
\BOOKMARK [1][-]{section.3.2}{Hat}{chapter.3}% 35
\BOOKMARK [1][-]{section.3.3}{Kick}{chapter.3}% 36
\BOOKMARK [1][-]{section.3.4}{Snare}{chapter.3}% 37
\BOOKMARK [0][-]{chapter.4}{Effect Modules}{}% 38
\BOOKMARK [1][-]{section.4.1}{Delay}{chapter.4}% 39
\BOOKMARK [2][-]{subsection.4.1.1}{Stereo Delay}{section.4.1}% 40
\BOOKMARK [2][-]{subsection.4.1.2}{Delay Looper Sync}{section.4.1}% 41
\BOOKMARK [2][-]{subsection.4.1.3}{Delay Tempo Sync}{section.4.1}% 42
\BOOKMARK [2][-]{subsection.4.1.4}{uDelay}{section.4.1}% 43
\BOOKMARK [1][-]{section.4.2}{Distortion}{chapter.4}% 44
\BOOKMARK [2][-]{subsection.4.2.1}{Asymmetrical Drive}{section.4.2}% 45
\BOOKMARK [2][-]{subsection.4.2.2}{Fold Processor}{section.4.2}% 46
\BOOKMARK [1][-]{section.4.3}{Reverb}{chapter.4}% 47
\BOOKMARK [2][-]{subsection.4.3.1}{Really Humungous Reverb}{section.4.3}% 48
\BOOKMARK [2][-]{subsection.4.3.2}{uVerb}{section.4.3}% 49
\BOOKMARK [0][-]{chapter.5}{Envelope Modules}{}% 50
\BOOKMARK [1][-]{section.5.1}{Analog Envelope}{chapter.5}% 51
\BOOKMARK [1][-]{section.5.2}{EOC Max ADSR}{chapter.5}% 52
\BOOKMARK [1][-]{section.5.3}{ADSR}{chapter.5}% 53
\BOOKMARK [0][-]{chapter.6}{Input-Output Modules}{}% 54
\BOOKMARK [1][-]{section.6.1}{Audio Input}{chapter.6}% 55
\BOOKMARK [1][-]{section.6.2}{Audio Output}{chapter.6}% 56
\BOOKMARK [1][-]{section.6.3}{Expert Sleepers ES-3}{chapter.6}% 57
\BOOKMARK [1][-]{section.6.4}{Expert Sleepers ES-6}{chapter.6}% 58
\BOOKMARK [1][-]{section.6.5}{Expert Sleepers ES-8}{chapter.6}% 59
\BOOKMARK [1][-]{section.6.6}{MIDI Input}{chapter.6}% 60
\BOOKMARK [1][-]{section.6.7}{VPO Converter}{chapter.6}% 61
\BOOKMARK [0][-]{chapter.7}{LFO Modules}{}% 62
\BOOKMARK [1][-]{section.7.1}{Basic LFO}{chapter.7}% 63
\BOOKMARK [1][-]{section.7.2}{Octature Sine LFO}{chapter.7}% 64
\BOOKMARK [1][-]{section.7.3}{TZFM LFO}{chapter.7}% 65
\BOOKMARK [1][-]{section.7.4}{LFO}{chapter.7}% 66
\BOOKMARK [0][-]{chapter.8}{Mixer Modules}{}% 67
\BOOKMARK [1][-]{section.8.1}{8 Channel Mixer}{chapter.8}% 68
\BOOKMARK [1][-]{section.8.2}{CV Mixer}{chapter.8}% 69
\BOOKMARK [1][-]{section.8.3}{Mix Audio}{chapter.8}% 70
\BOOKMARK [1][-]{section.8.4}{Mix CV}{chapter.8}% 71
\BOOKMARK [0][-]{chapter.9}{Quantizer Modules}{}% 72
\BOOKMARK [1][-]{section.9.1}{Chromatic Quantizer}{chapter.9}% 73
\BOOKMARK [1][-]{section.9.2}{Church Modes Quantizer}{chapter.9}% 74
\BOOKMARK [1][-]{section.9.3}{Gateable Quantizer}{chapter.9}% 75
\BOOKMARK [1][-]{section.9.4}{Modulation Quantizer}{chapter.9}% 76
\BOOKMARK [1][-]{section.9.5}{Neo-Reimannian Triad Transformer}{chapter.9}% 77
\BOOKMARK [1][-]{section.9.6}{Quick Quantizer}{chapter.9}% 78
\BOOKMARK [0][-]{chapter.10}{Sequencer Modules}{}% 79
\BOOKMARK [1][-]{section.10.1}{16 Step Gate Sequencer}{chapter.10}% 80
\BOOKMARK [1][-]{section.10.2}{8 Step Sequencer}{chapter.10}% 81
\BOOKMARK [1][-]{section.10.3}{Binary Gate Sequencer}{chapter.10}% 82
\BOOKMARK [1][-]{section.10.4}{Euclidean Gate Sequencer}{chapter.10}% 83
\BOOKMARK [1][-]{section.10.5}{Matrix Gate Sequencer}{chapter.10}% 84
\BOOKMARK [1][-]{section.10.6}{Shape Gate Sequencer}{chapter.10}% 85
\BOOKMARK [0][-]{chapter.11}{Utility Modules}{}% 86
\BOOKMARK [1][-]{section.11.1}{Attenuate-Offset}{chapter.11}% 87
\BOOKMARK [1][-]{section.11.2}{Attenuverter}{chapter.11}% 88
\BOOKMARK [1][-]{section.11.3}{Audio Attenuverter-Offset}{chapter.11}% 89
\BOOKMARK [1][-]{section.11.4}{Automation Lane}{chapter.11}% 90
\BOOKMARK [1][-]{section.11.5}{Chaos Generator}{chapter.11}% 91
\BOOKMARK [1][-]{section.11.6}{Modulation to 1/Oct}{chapter.11}% 92
\BOOKMARK [1][-]{section.11.7}{Poly to Mono}{chapter.11}% 93
\BOOKMARK [1][-]{section.11.8}{Sample \046 Hold}{chapter.11}% 94
\BOOKMARK [1][-]{section.11.9}{Slew}{chapter.11}% 95
\BOOKMARK [1][-]{section.11.10}{8 Step Sequential Switch}{chapter.11}% 96
\BOOKMARK [1][-]{section.11.11}{VC Switch}{chapter.11}% 97
\BOOKMARK [1][-]{section.11.12}{Logic}{chapter.11}% 98
\BOOKMARK [1][-]{section.11.13}{Unison}{chapter.11}% 99
\BOOKMARK [1][-]{section.11.14}{Sample \046 Hold}{chapter.11}% 100
\BOOKMARK [1][-]{section.11.15}{Window Comparator}{chapter.11}% 101
\BOOKMARK [0][-]{chapter.12}{VCA Modules}{}% 102
\BOOKMARK [1][-]{section.12.1}{Digital VCA}{chapter.12}% 103
\BOOKMARK [1][-]{section.12.2}{Diode VCA}{chapter.12}% 104
\BOOKMARK [1][-]{section.12.3}{VCA}{chapter.12}% 105
\BOOKMARK [0][-]{chapter.13}{VCF Modules}{}% 106
\BOOKMARK [1][-]{section.13.1}{303 VCF}{chapter.13}% 107
\BOOKMARK [1][-]{section.13.2}{Basic EQ}{chapter.13}% 108
\BOOKMARK [1][-]{section.13.3}{K35 VCF}{chapter.13}% 109
\BOOKMARK [1][-]{section.13.4}{Ladder VCF}{chapter.13}% 110
\BOOKMARK [1][-]{section.13.5}{LPG}{chapter.13}% 111
\BOOKMARK [1][-]{section.13.6}{SEM VCF}{chapter.13}% 112
\BOOKMARK [1][-]{section.13.7}{VCF}{chapter.13}% 113
\BOOKMARK [0][-]{chapter.14}{VCO Modules}{}% 114
\BOOKMARK [1][-]{section.14.1}{Basic VCO}{chapter.14}% 115
\BOOKMARK [1][-]{section.14.2}{Chebyshev Additive VCO}{chapter.14}% 116
\BOOKMARK [1][-]{section.14.3}{Karplus-Strong VCO}{chapter.14}% 117
\BOOKMARK [1][-]{section.14.4}{Morphing VCO}{chapter.14}% 118
\BOOKMARK [1][-]{section.14.5}{Noise}{chapter.14}% 119
\BOOKMARK [1][-]{section.14.6}{Supersaw VCO}{chapter.14}% 120
\BOOKMARK [1][-]{section.14.7}{TZFM VCO}{chapter.14}% 121
\BOOKMARK [1][-]{section.14.8}{Noise}{chapter.14}% 122
\BOOKMARK [1][-]{section.14.9}{VCO}{chapter.14}% 123
